<?xml version="1.0" encoding="UTF-8"?>
<testsuite name="Yo como analista de automatizacion" tests="1" skipped="0" failures="1" errors="0" timestamp="2023-03-02T21:22:50" hostname="SSBOG5CG1081NY4" time="11.129">
  <properties/>
  <testcase name="Interactuar con la alerta &quot;see alert&quot;" classname="Yo como analista de automatizacion" time="11.129">
    <failure message="io.cucumber.junit.UndefinedStepException: The step 'se desplaza xxxx a la pagina de alertas' is undefined.&#10;You can implement this step using the snippet(s) below:&#10;&#10;@When(&quot;se desplaza xxxx a la pagina de alertas&quot;)&#10;public void seDesplazaXxxxALaPaginaDeAlertas() {&#10;    // Write code here that turns the phrase above into concrete actions&#10;    throw new io.cucumber.java.PendingException();&#10;}&#10;" type="io.cucumber.junit.UndefinedStepException">io.cucumber.junit.UndefinedStepException: The step 'se desplaza xxxx a la pagina de alertas' is undefined.
You can implement this step using the snippet(s) below:

@When(&quot;se desplaza xxxx a la pagina de alertas&quot;)
public void seDesplazaXxxxALaPaginaDeAlertas() {
    // Write code here that turns the phrase above into concrete actions
    throw new io.cucumber.java.PendingException();
}

</failure>
  </testcase>
  <system-out><![CDATA[]]></system-out>
  <system-err><![CDATA[Starting ChromeDriver 110.0.5481.77 (65ed616c6e8ee3fe0ad64fe83796c020644d42af-refs/branch-heads/5481@{#839}) on port 10084
Only local connections are allowed.
Please see https://chromedriver.chromium.org/security-considerations for suggestions on keeping ChromeDriver safe.
ChromeDriver was started successfully.
[1677792175.508][WARNING]: virtual void DevToolsClientImpl::AddListener(DevToolsEventListener *) subscribing a listener to the already connected DevToolsClient. Connection notification will not arrive.
mar 02, 2023 4:22:55 PM org.openqa.selenium.devtools.CdpVersionFinder findNearestMatch
ADVERTENCIA: Unable to find an exact match for CDP version 110, so returning the closest version found: 109
]]></system-err>
</testsuite>
